

*******************************************************************************
Fri Jan 17 15:56:01 2025


FIT:    data read from 'data.txt' u 1:2:3 yerrors
        format = x:z:s
        #datapoints = 6
function used for fitting: f(x)
	f(x)=h/e*x-w/e
fitted parameters initialized with current variable values

iter      chisq       delta/lim  lambda   h             w            
   0 7.4523688974e+70   0.00e+00  7.88e+34    1.000000e+00   1.000000e+00
BREAK: Singular matrix in Invert_RtR

*******************************************************************************
Fri Jan 17 15:56:25 2025


FIT:    data read from 'data.txt' u 1:2:3 yerrors
        format = x:z:s
        #datapoints = 6
function used for fitting: f(x)
	f(x)=h*x-w
fitted parameters initialized with current variable values

iter      chisq       delta/lim  lambda   h             w            
   0 1.9130565124e+33   0.00e+00  1.26e+16    1.000000e+00   1.000000e+00
   6 3.7140736412e+01  -1.91e-11  1.26e+10    3.155031e-15   1.000000e+00

After 6 iterations the fit converged.
final sum of squares of residuals : 37.1407
rel. change during last iteration : -1.91311e-16

degrees of freedom    (FIT_NDF)                        : 4
rms of residuals      (FIT_STDFIT) = sqrt(WSSR/ndf)    : 3.04716
variance of residuals (reduced chisquare) = WSSR/ndf   : 9.28518
p-value of the Chisq distribution (FIT_P)              : 1.68496e-07

Final set of parameters            Asymptotic Standard Error
=======================            ==========================
h               = 3.15503e-15      +/- 4.317e-16    (13.68%)
w               = 1                +/- 0.3093       (30.93%)

correlation matrix of the fit parameters:
                h      w      
h               1.000 
w               0.987  1.000 


*******************************************************************************
Fri Jan 17 15:59:02 2025


FIT:    data read from 'data.txt' u 1:2
        format = x:z
        #datapoints = 6
        residuals are weighted equally (unit weight)

function used for fitting: f(x)
	f(x)=h*x-w
fitted parameters initialized with current variable values

iter      chisq       delta/lim  lambda   h             w            
   0 2.9404561605e+30   0.00e+00  4.95e+14    1.000000e+00   1.000000e+00
   6 6.1972576791e-02  -8.96e-11  4.95e+15    3.139011e-15   1.000000e+00

After 6 iterations the fit converged.
final sum of squares of residuals : 0.0619726
rel. change during last iteration : -8.95737e-16

degrees of freedom    (FIT_NDF)                        : 4
rms of residuals      (FIT_STDFIT) = sqrt(WSSR/ndf)    : 0.124471
variance of residuals (reduced chisquare) = WSSR/ndf   : 0.0154931

Final set of parameters            Asymptotic Standard Error
=======================            ==========================
h               = 3.13901e-15      +/- 4.238e-16    (13.5%)
w               = 1                +/- 0.2967       (29.67%)

correlation matrix of the fit parameters:
                h      w      
h               1.000 
w               0.985  1.000 
